Info: Series:GW1N-9C Device:GW1NR-9C Package:QFN88P Speed:C6/I5

Info: Packing constants..
Info: Packing Shadow RAM..
Info: Packing GSR..
Info: Packing IOs..
Info: Packing diff IOs..
Info: Packing IO logic..
Info: Packing wide LUTs..
Info: Packing LUT5s..
Info: Packing LUT6s..
Info: Packing LUT7s..
Info: Packing LUT8s..
Info: Packing ALUs..
Info: Packing LUT-FFs..
Info: Packing non-LUT FFs..
Info: Packing PLLs..
Info: Checksum: 0x9334c2c0

Info: Annotating ports with timing budgets for target frequency 12.00 MHz
Info: Checksum: 0x9334c2c0

Info: Device utilisation:
Info: 	                 VCC:     1/    1   100%
Info: 	               SLICE:   177/ 8640     2%
Info: 	                 IOB:    20/  274     7%
Info: 	                ODDR:     0/  274     0%
Info: 	           MUX2_LUT5:    80/ 4320     1%
Info: 	           MUX2_LUT6:    39/ 2160     1%
Info: 	           MUX2_LUT7:    18/ 1080     1%
Info: 	           MUX2_LUT8:     9/ 1056     0%
Info: 	                 GND:     1/    1   100%
Info: 	                RAMW:     0/  270     0%
Info: 	                 GSR:     1/    1   100%
Info: 	                 OSC:     0/    1     0%
Info: 	                rPLL:     0/    2     0%

Info: Placed 20 cells based on constraints.
Info: Creating initial analytic placement for 33 cells, random placement wirelen = 1765.
Info:     at initial placer iter 0, wirelen = 743
Info:     at initial placer iter 1, wirelen = 648
Info:     at initial placer iter 2, wirelen = 614
Info:     at initial placer iter 3, wirelen = 596
Info: Running main analytical placer, max placement attempts per cell = 14964.
Info:     at iteration #1, type SLICE: wirelen solved = 595, spread = 634, legal = 634; time = 0.00s
Info:     at iteration #1, type MUX2_LUT5: wirelen solved = 626, spread = 626, legal = 626; time = 0.00s
Info:     at iteration #1, type MUX2_LUT6: wirelen solved = 624, spread = 634, legal = 634; time = 0.00s
Info:     at iteration #1, type MUX2_LUT8: wirelen solved = 635, spread = 638, legal = 651; time = 0.00s
Info:     at iteration #1, type VCC: wirelen solved = 651, spread = 651, legal = 651; time = 0.00s
Info:     at iteration #1, type GSR: wirelen solved = 651, spread = 651, legal = 651; time = 0.00s
Info:     at iteration #1, type ALL: wirelen solved = 602, spread = 653, legal = 659; time = 0.00s
Info: HeAP Placer Time: 0.04s
Info:   of which solving equations: 0.02s
Info:   of which spreading cells: 0.00s
Info:   of which strict legalisation: 0.00s

Info: Running simulated annealing placer for refinement.
Info:   at iteration #1: temp = 0.000000, timing cost = 0, wirelen = 659
Info:   at iteration #4: temp = 0.000000, timing cost = 0, wirelen = 623 
Info: SA placement time 0.04s

Info: Max delay <async> -> <async>: 37.29 ns

Info: Slack histogram:
Info:  legend: * represents 2 endpoint(s)
Info:          + represents [1,2) endpoint(s)
Info: [ 46042,  47507) |+
Info: [ 47507,  48972) | 
Info: [ 48972,  50437) |*+
Info: [ 50437,  51902) |+
Info: [ 51902,  53367) |+
Info: [ 53367,  54832) |+
Info: [ 54832,  56297) |+
Info: [ 56297,  57762) |*+
Info: [ 57762,  59227) |+
Info: [ 59227,  60692) |***+
Info: [ 60692,  62157) |******+
Info: [ 62157,  63622) |*********+
Info: [ 63622,  65087) |********+
Info: [ 65087,  66552) |*+
Info: [ 66552,  68017) |*******************+
Info: [ 68017,  69482) |*******+
Info: [ 69482,  70947) |*+
Info: [ 70947,  72412) |**+
Info: [ 72412,  73877) |************************************************************ 
Info: [ 73877,  75342) |*************************************************+
Info: Checksum: 0x70550dfb
Info: Find global nets...
Info: Routing globals...

Info: Routing..
Info: Setting up routing queue.
Info: Routing 940 arcs.
Info:            |   (re-)routed arcs  |   delta    | remaining|       time spent     |
Info:    IterCnt |  w/ripup   wo/ripup |  w/r  wo/r |      arcs| batch(sec) total(sec)|
Info:       1000 |       76        923 |   76   923 |       175|       0.40       0.40|
Info:       1353 |      131       1222 |   55   299 |         0|       0.23       0.64|
Info: Routing complete.
Info: Router1 time 0.64s
Info: Checksum: 0xec43b1eb

Info: Critical path report for cross-domain path '<async>' -> '<async>':
Info: curr total
Info:  0.0  0.0  Source DEC.i_h5_IBUF_O$iob.O
Info:  6.7  6.7    Net DEC.i_h5 budget 83.333336 ns (10,0) -> (27,7)
Info:                Sink SEL.i_data0_MUX2_LUT8_O_I0_MUX2_LUT7_O_I1_MUX2_LUT6_O_I1_MUX2_LUT5_O_I1_LUT4_F_LC.B
Info:                Defined in:
Info:                  ../design/top.sv:34.15-52.2
Info:                  ../design/hamming74_dec.sv:7.17-7.21
Info:  1.1  7.8  Source SEL.i_data0_MUX2_LUT8_O_I0_MUX2_LUT7_O_I1_MUX2_LUT6_O_I1_MUX2_LUT5_O_I1_LUT4_F_LC.F
Info:  0.3  8.1    Net SEL.i_data0_MUX2_LUT8_O_I0_MUX2_LUT7_O_I1_MUX2_LUT6_O_I1_MUX2_LUT5_O_I1 budget 13.410889 ns (27,7) -> (27,7)
Info:                Sink SEL.i_data0_MUX2_LUT8_O_I0_MUX2_LUT7_O_I1_MUX2_LUT6_O_I1_MUX2_LUT5_O_LC.I1
Info:                Defined in:
Info:                  C:\Users\gabri\DOWNLO~1\OSS-CA~1\bin\../share/yosys/gowin/cells_map.v:170.42-170.67
Info:                  C:\Users\gabri\DOWNLO~1\OSS-CA~1\bin\../share/yosys/gowin/cells_map.v:165.42-165.67
Info:                  C:\Users\gabri\DOWNLO~1\OSS-CA~1\bin\../share/yosys/gowin/cells_map.v:159.41-159.66
Info:                  C:\Users\gabri\DOWNLO~1\OSS-CA~1\bin\../share/yosys/gowin/cells_map.v:151.13-151.15
Info:  0.2  8.3  Source SEL.i_data0_MUX2_LUT8_O_I0_MUX2_LUT7_O_I1_MUX2_LUT6_O_I1_MUX2_LUT5_O_LC.OF
Info:  0.3  8.6    Net SEL.i_data0_MUX2_LUT8_O_I0_MUX2_LUT7_O_I1_MUX2_LUT6_O_I1 budget 13.410889 ns (27,7) -> (27,7)
Info:                Sink SEL.i_data0_MUX2_LUT8_O_I0_MUX2_LUT7_O_I1_MUX2_LUT6_O_LC.I1
Info:                Defined in:
Info:                  C:\Users\gabri\DOWNLO~1\OSS-CA~1\bin\../share/yosys/gowin/cells_map.v:170.42-170.67
Info:                  C:\Users\gabri\DOWNLO~1\OSS-CA~1\bin\../share/yosys/gowin/cells_map.v:165.42-165.67
Info:                  C:\Users\gabri\DOWNLO~1\OSS-CA~1\bin\../share/yosys/gowin/cells_map.v:157.13-157.15
Info:  0.4  9.0  Source SEL.i_data0_MUX2_LUT8_O_I0_MUX2_LUT7_O_I1_MUX2_LUT6_O_LC.OF
Info:  0.3  9.3    Net SEL.i_data0_MUX2_LUT8_O_I0_MUX2_LUT7_O_I1 budget 13.410889 ns (27,7) -> (27,7)
Info:                Sink SEL.i_data0_MUX2_LUT8_O_I0_MUX2_LUT7_O_LC.I1
Info:                Defined in:
Info:                  C:\Users\gabri\DOWNLO~1\OSS-CA~1\bin\../share/yosys/gowin/cells_map.v:170.42-170.67
Info:                  C:\Users\gabri\DOWNLO~1\OSS-CA~1\bin\../share/yosys/gowin/cells_map.v:163.13-163.15
Info:  0.5  9.8  Source SEL.i_data0_MUX2_LUT8_O_I0_MUX2_LUT7_O_LC.OF
Info:  0.4 10.3    Net SEL.i_data0_MUX2_LUT8_O_I0 budget 13.410889 ns (27,7) -> (26,7)
Info:                Sink SEL.i_data0_MUX2_LUT8_O_LC.I0
Info:                Defined in:
Info:                  C:\Users\gabri\DOWNLO~1\OSS-CA~1\bin\../share/yosys/gowin/cells_map.v:169.9-169.11
Info:  0.7 11.0  Source SEL.i_data0_MUX2_LUT8_O_LC.OF
Info:  2.7 13.7    Net safe0 budget 13.410889 ns (26,7) -> (31,10)
Info:                Sink SEL.i_ctrl_LUT4_I3_LC.B
Info:                Defined in:
Info:                  ../design/top.sv:53.6-53.11
Info:  1.1 14.8  Source SEL.i_ctrl_LUT4_I3_LC.F
Info:  1.8 16.6    Net SEL.i_ctrl_LUT4_I3_F[0] budget 11.338190 ns (31,10) -> (32,14)
Info:                Sink SEG.o_seg_a_MUX2_LUT8_O_I0_MUX2_LUT7_O_I0_MUX2_LUT6_O_I1_MUX2_LUT5_O_I1_LUT3_F_LC.B
Info:                Defined in:
Info:                  C:\Users\gabri\DOWNLO~1\OSS-CA~1\bin\../share/yosys/gowin/cells_map.v:130.20-130.21
Info:  1.1 17.7  Source SEG.o_seg_a_MUX2_LUT8_O_I0_MUX2_LUT7_O_I0_MUX2_LUT6_O_I1_MUX2_LUT5_O_I1_LUT3_F_LC.F
Info:  0.3 18.1    Net SEG.o_seg_a_MUX2_LUT8_O_I0_MUX2_LUT7_O_I0_MUX2_LUT6_O_I1_MUX2_LUT5_O_I1 budget 6.374945 ns (32,14) -> (32,14)
Info:                Sink SEG.o_seg_a_MUX2_LUT8_O_I0_MUX2_LUT7_O_I0_MUX2_LUT6_O_I1_MUX2_LUT5_O_LC.I1
Info:                Defined in:
Info:                  C:\Users\gabri\DOWNLO~1\OSS-CA~1\bin\../share/yosys/gowin/cells_map.v:170.42-170.67
Info:                  C:\Users\gabri\DOWNLO~1\OSS-CA~1\bin\../share/yosys/gowin/cells_map.v:164.41-164.66
Info:                  C:\Users\gabri\DOWNLO~1\OSS-CA~1\bin\../share/yosys/gowin/cells_map.v:159.41-159.66
Info:                  C:\Users\gabri\DOWNLO~1\OSS-CA~1\bin\../share/yosys/gowin/cells_map.v:151.13-151.15
Info:  0.2 18.2  Source SEG.o_seg_a_MUX2_LUT8_O_I0_MUX2_LUT7_O_I0_MUX2_LUT6_O_I1_MUX2_LUT5_O_LC.OF
Info:  0.3 18.6    Net SEG.o_seg_a_MUX2_LUT8_O_I0_MUX2_LUT7_O_I0_MUX2_LUT6_O_I1 budget 6.374945 ns (32,14) -> (32,14)
Info:                Sink SEG.o_seg_a_MUX2_LUT8_O_I0_MUX2_LUT7_O_I0_MUX2_LUT6_O_LC.I1
Info:                Defined in:
Info:                  C:\Users\gabri\DOWNLO~1\OSS-CA~1\bin\../share/yosys/gowin/cells_map.v:170.42-170.67
Info:                  C:\Users\gabri\DOWNLO~1\OSS-CA~1\bin\../share/yosys/gowin/cells_map.v:164.41-164.66
Info:                  C:\Users\gabri\DOWNLO~1\OSS-CA~1\bin\../share/yosys/gowin/cells_map.v:157.13-157.15
Info:  0.4 18.9  Source SEG.o_seg_a_MUX2_LUT8_O_I0_MUX2_LUT7_O_I0_MUX2_LUT6_O_LC.OF
Info:  0.3 19.2    Net SEG.o_seg_a_MUX2_LUT8_O_I0_MUX2_LUT7_O_I0 budget 6.374944 ns (32,14) -> (32,14)
Info:                Sink SEG.o_seg_a_MUX2_LUT8_O_I0_MUX2_LUT7_O_LC.I0
Info:                Defined in:
Info:                  C:\Users\gabri\DOWNLO~1\OSS-CA~1\bin\../share/yosys/gowin/cells_map.v:170.42-170.67
Info:                  C:\Users\gabri\DOWNLO~1\OSS-CA~1\bin\../share/yosys/gowin/cells_map.v:163.9-163.11
Info:  0.5 19.8  Source SEG.o_seg_a_MUX2_LUT8_O_I0_MUX2_LUT7_O_LC.OF
Info:  0.4 20.2    Net SEG.o_seg_a_MUX2_LUT8_O_I0 budget 6.374945 ns (32,14) -> (31,14)
Info:                Sink SEG.o_seg_a_MUX2_LUT8_O_LC.I0
Info:                Defined in:
Info:                  C:\Users\gabri\DOWNLO~1\OSS-CA~1\bin\../share/yosys/gowin/cells_map.v:169.9-169.11
Info:  0.7 20.9  Source SEG.o_seg_a_MUX2_LUT8_O_LC.OF
Info:  5.7 26.6    Net SEG.o_seg_a budget 6.374945 ns (31,14) -> (22,28)
Info:                Sink o_seg_a_OBUF_O$iob.I
Info:                Defined in:
Info:                  ../design/top.sv:85.13-99.2
Info:                  ../design/bin_to_7seg.sv:8.17-8.24
Info: 6.8 ns logic, 19.8 ns routing

Info: Max delay <async> -> <async>: 26.64 ns

Info: Slack histogram:
Info:  legend: * represents 3 endpoint(s)
Info:          + represents [1,3) endpoint(s)
Info: [ 56695,  57788) |+
Info: [ 57788,  58881) |+
Info: [ 58881,  59974) | 
Info: [ 59974,  61067) |+
Info: [ 61067,  62160) |+
Info: [ 62160,  63253) | 
Info: [ 63253,  64346) |+
Info: [ 64346,  65439) |*+
Info: [ 65439,  66532) |+
Info: [ 66532,  67625) |******+
Info: [ 67625,  68718) |***+
Info: [ 68718,  69811) |*******+
Info: [ 69811,  70904) |*******+
Info: [ 70904,  71997) | 
Info: [ 71997,  73090) |**********+
Info: [ 73090,  74183) |**********+
Info: [ 74183,  75276) |*+
Info: [ 75276,  76369) |***+
Info: [ 76369,  77462) |***********************************+
Info: [ 77462,  78555) |************************************************************ 

Info: Program finished normally.
