
 /----------------------------------------------------------------------------\
 |                                                                            |
 |  yosys -- Yosys Open SYnthesis Suite                                       |
 |                                                                            |
 |  Copyright (C) 2012 - 2020  Claire Xenia Wolf <claire@yosyshq.com>         |
 |                                                                            |
 |  Permission to use, copy, modify, and/or distribute this software for any  |
 |  purpose with or without fee is hereby granted, provided that the above    |
 |  copyright notice and this permission notice appear in all copies.         |
 |                                                                            |
 |  THE SOFTWARE IS PROVIDED "AS IS" AND THE AUTHOR DISCLAIMS ALL WARRANTIES  |
 |  WITH REGARD TO THIS SOFTWARE INCLUDING ALL IMPLIED WARRANTIES OF          |
 |  MERCHANTABILITY AND FITNESS. IN NO EVENT SHALL THE AUTHOR BE LIABLE FOR   |
 |  ANY SPECIAL, DIRECT, INDIRECT, OR CONSEQUENTIAL DAMAGES OR ANY DAMAGES    |
 |  WHATSOEVER RESULTING FROM LOSS OF USE, DATA OR PROFITS, WHETHER IN AN     |
 |  ACTION OF CONTRACT, NEGLIGENCE OR OTHER TORTIOUS ACTION, ARISING OUT OF   |
 |  OR IN CONNECTION WITH THE USE OR PERFORMANCE OF THIS SOFTWARE.            |
 |                                                                            |
 \----------------------------------------------------------------------------/

 Yosys 0.26+1 (git sha1 b1a011138, x86_64-w64-mingw32-g++ 9.2.1 -Os)


-- Running command `read_verilog -sv ../design/adder.sv ../design/bcd_to_7seg.sv ../design/col_scanner.sv ../design/debounce.sv ../design/display_mux.sv ../design/input_fsm.sv ../design/keypad_decoder.sv ../design/top.sv ; synth_gowin -top top -json Seven_seg.json' --

1. Executing Verilog-2005 frontend: ../design/adder.sv
Parsing SystemVerilog input from `../design/adder.sv' to AST representation.
Generating RTLIL representation for module `\adder'.
Successfully finished Verilog frontend.

2. Executing Verilog-2005 frontend: ../design/bcd_to_7seg.sv
Parsing SystemVerilog input from `../design/bcd_to_7seg.sv' to AST representation.
Generating RTLIL representation for module `\bcd_to_7seg'.
Successfully finished Verilog frontend.

3. Executing Verilog-2005 frontend: ../design/col_scanner.sv
Parsing SystemVerilog input from `../design/col_scanner.sv' to AST representation.
Generating RTLIL representation for module `\col_scanner'.
Successfully finished Verilog frontend.

4. Executing Verilog-2005 frontend: ../design/debounce.sv
Parsing SystemVerilog input from `../design/debounce.sv' to AST representation.
Generating RTLIL representation for module `\debounce'.
Successfully finished Verilog frontend.

5. Executing Verilog-2005 frontend: ../design/display_mux.sv
../design/display_mux.sv:1: ERROR: syntax error, unexpected TOK_ALWAYS_FF
Parsing SystemVerilog input from `../design/display_mux.sv' to AST representation.
